 WARN [2017-01-06 14:19:54,502] (ComponentFactory.java:getComponentBean:1154) - Unable to get component for id 'AuraDefinitionBundle': Unable to get bean for id 'AuraDefinitionBundle'
 WARN [2017-01-06 14:19:54,550] (ComponentFactory.java:getComponentBean:1154) - Unable to get component for id 'ExternalDataSource': Unable to get bean for id 'ExternalDataSource'
 WARN [2017-01-06 14:19:54,587] (ComponentFactory.java:getComponentBean:1154) - Unable to get component for id 'NamedCredential': Unable to get bean for id 'NamedCredential'
 WARN [2017-01-06 14:19:54,689] (ComponentFactory.java:getComponentBean:1154) - Unable to get component for id 'MatchingRules': Unable to get bean for id 'MatchingRules'
 WARN [2017-01-06 14:19:54,715] (ComponentFactory.java:getComponentBean:1154) - Unable to get component for id 'ChannelLayout': Unable to get bean for id 'ChannelLayout'
 WARN [2017-01-06 14:19:54,750] (ComponentFactory.java:getComponentBean:1154) - Unable to get component for id 'SharingRules': Unable to get bean for id 'SharingRules'
 WARN [2017-01-06 14:19:54,789] (ComponentFactory.java:getComponentBean:1154) - Unable to get component for id 'CorsWhitelistOrigin': Unable to get bean for id 'CorsWhitelistOrigin'
 WARN [2017-01-06 14:19:54,802] (ComponentFactory.java:getComponentBean:1154) - Unable to get component for id 'ActionLinkGroupTemplate': Unable to get bean for id 'ActionLinkGroupTemplate'
 WARN [2017-01-06 14:19:54,812] (ComponentFactory.java:getComponentBean:1154) - Unable to get component for id 'SynonymDictionary': Unable to get bean for id 'SynonymDictionary'
 WARN [2017-01-06 14:19:56,048] (ComponentFactory.java:getComponentBean:1154) - Unable to get component for id 'AuraDefinitionBundle': Unable to get bean for id 'AuraDefinitionBundle'
 WARN [2017-01-06 14:19:56,068] (ComponentFactory.java:getComponentBean:1154) - Unable to get component for id 'ExternalDataSource': Unable to get bean for id 'ExternalDataSource'
 WARN [2017-01-06 14:19:56,078] (ComponentFactory.java:getComponentBean:1154) - Unable to get component for id 'NamedCredential': Unable to get bean for id 'NamedCredential'
 WARN [2017-01-06 14:19:56,105] (ComponentFactory.java:getComponentBean:1154) - Unable to get component for id 'MatchingRules': Unable to get bean for id 'MatchingRules'
 WARN [2017-01-06 14:19:56,116] (ComponentFactory.java:getComponentBean:1154) - Unable to get component for id 'ChannelLayout': Unable to get bean for id 'ChannelLayout'
 WARN [2017-01-06 14:19:56,126] (ComponentFactory.java:getComponentBean:1154) - Unable to get component for id 'SharingRules': Unable to get bean for id 'SharingRules'
 WARN [2017-01-06 14:19:56,140] (ComponentFactory.java:getComponentBean:1154) - Unable to get component for id 'CorsWhitelistOrigin': Unable to get bean for id 'CorsWhitelistOrigin'
 WARN [2017-01-06 14:19:56,152] (ComponentFactory.java:getComponentBean:1154) - Unable to get component for id 'ActionLinkGroupTemplate': Unable to get bean for id 'ActionLinkGroupTemplate'
 WARN [2017-01-06 14:19:56,161] (ComponentFactory.java:getComponentBean:1154) - Unable to get component for id 'SynonymDictionary': Unable to get bean for id 'SynonymDictionary'
 WARN [2017-01-06 14:20:12,647] (Utils.java:loadDocument:799) - Unable to load document: C:\Users\chirag.lapasia\Desktop\workspacesalesforce\.metadata\.plugins\com.salesforce.ide.core\packageCache.xml (The system cannot find the file specified)
 WARN [2017-01-06 14:20:13,876] (ComponentFactory.java:getComponentBean:1154) - Unable to get component for id 'AuraDefinitionBundle': Unable to get bean for id 'AuraDefinitionBundle'
 WARN [2017-01-06 14:20:13,889] (ComponentFactory.java:getComponentBean:1154) - Unable to get component for id 'ExternalDataSource': Unable to get bean for id 'ExternalDataSource'
 WARN [2017-01-06 14:20:13,899] (ComponentFactory.java:getComponentBean:1154) - Unable to get component for id 'NamedCredential': Unable to get bean for id 'NamedCredential'
 WARN [2017-01-06 14:20:13,928] (ComponentFactory.java:getComponentBean:1154) - Unable to get component for id 'MatchingRules': Unable to get bean for id 'MatchingRules'
 WARN [2017-01-06 14:20:13,947] (ComponentFactory.java:getComponentBean:1154) - Unable to get component for id 'ChannelLayout': Unable to get bean for id 'ChannelLayout'
 WARN [2017-01-06 14:20:13,957] (ComponentFactory.java:getComponentBean:1154) - Unable to get component for id 'SharingRules': Unable to get bean for id 'SharingRules'
 WARN [2017-01-06 14:20:13,981] (ComponentFactory.java:getComponentBean:1154) - Unable to get component for id 'CorsWhitelistOrigin': Unable to get bean for id 'CorsWhitelistOrigin'
 WARN [2017-01-06 14:20:13,990] (ComponentFactory.java:getComponentBean:1154) - Unable to get component for id 'ActionLinkGroupTemplate': Unable to get bean for id 'ActionLinkGroupTemplate'
 WARN [2017-01-06 14:20:13,999] (ComponentFactory.java:getComponentBean:1154) - Unable to get component for id 'SynonymDictionary': Unable to get bean for id 'SynonymDictionary'
 WARN [2017-01-06 14:20:15,259] (ComponentFactory.java:getComponentBean:1154) - Unable to get component for id 'AuraDefinitionBundle': Unable to get bean for id 'AuraDefinitionBundle'
 WARN [2017-01-06 14:20:15,271] (ComponentFactory.java:getComponentBean:1154) - Unable to get component for id 'ExternalDataSource': Unable to get bean for id 'ExternalDataSource'
 WARN [2017-01-06 14:20:15,281] (ComponentFactory.java:getComponentBean:1154) - Unable to get component for id 'NamedCredential': Unable to get bean for id 'NamedCredential'
 WARN [2017-01-06 14:20:15,302] (ComponentFactory.java:getComponentBean:1154) - Unable to get component for id 'MatchingRules': Unable to get bean for id 'MatchingRules'
 WARN [2017-01-06 14:20:15,312] (ComponentFactory.java:getComponentBean:1154) - Unable to get component for id 'ChannelLayout': Unable to get bean for id 'ChannelLayout'
 WARN [2017-01-06 14:20:15,324] (ComponentFactory.java:getComponentBean:1154) - Unable to get component for id 'SharingRules': Unable to get bean for id 'SharingRules'
 WARN [2017-01-06 14:20:15,336] (ComponentFactory.java:getComponentBean:1154) - Unable to get component for id 'CorsWhitelistOrigin': Unable to get bean for id 'CorsWhitelistOrigin'
 WARN [2017-01-06 14:20:15,345] (ComponentFactory.java:getComponentBean:1154) - Unable to get component for id 'ActionLinkGroupTemplate': Unable to get bean for id 'ActionLinkGroupTemplate'
 WARN [2017-01-06 14:20:15,356] (ComponentFactory.java:getComponentBean:1154) - Unable to get component for id 'SynonymDictionary': Unable to get bean for id 'SynonymDictionary'
 WARN [2017-01-06 14:20:16,571] (ComponentFactory.java:getComponentBean:1154) - Unable to get component for id 'AuraDefinitionBundle': Unable to get bean for id 'AuraDefinitionBundle'
 WARN [2017-01-06 14:20:16,588] (ComponentFactory.java:getComponentBean:1154) - Unable to get component for id 'ExternalDataSource': Unable to get bean for id 'ExternalDataSource'
 WARN [2017-01-06 14:20:16,597] (ComponentFactory.java:getComponentBean:1154) - Unable to get component for id 'NamedCredential': Unable to get bean for id 'NamedCredential'
 WARN [2017-01-06 14:20:16,643] (ComponentFactory.java:getComponentBean:1154) - Unable to get component for id 'MatchingRules': Unable to get bean for id 'MatchingRules'
 WARN [2017-01-06 14:20:16,657] (ComponentFactory.java:getComponentBean:1154) - Unable to get component for id 'ChannelLayout': Unable to get bean for id 'ChannelLayout'
 WARN [2017-01-06 14:20:16,666] (ComponentFactory.java:getComponentBean:1154) - Unable to get component for id 'SharingRules': Unable to get bean for id 'SharingRules'
 WARN [2017-01-06 14:20:16,681] (ComponentFactory.java:getComponentBean:1154) - Unable to get component for id 'CorsWhitelistOrigin': Unable to get bean for id 'CorsWhitelistOrigin'
 WARN [2017-01-06 14:20:16,691] (ComponentFactory.java:getComponentBean:1154) - Unable to get component for id 'ActionLinkGroupTemplate': Unable to get bean for id 'ActionLinkGroupTemplate'
 WARN [2017-01-06 14:20:16,701] (ComponentFactory.java:getComponentBean:1154) - Unable to get component for id 'SynonymDictionary': Unable to get bean for id 'SynonymDictionary'
 WARN [2017-01-06 14:20:18,838] (ComponentFactory.java:getComponentBean:1154) - Unable to get component for id 'AuraDefinitionBundle': Unable to get bean for id 'AuraDefinitionBundle'
 WARN [2017-01-06 14:20:18,868] (ComponentFactory.java:getComponentBean:1154) - Unable to get component for id 'ExternalDataSource': Unable to get bean for id 'ExternalDataSource'
 WARN [2017-01-06 14:20:18,880] (ComponentFactory.java:getComponentBean:1154) - Unable to get component for id 'NamedCredential': Unable to get bean for id 'NamedCredential'
 WARN [2017-01-06 14:20:18,914] (ComponentFactory.java:getComponentBean:1154) - Unable to get component for id 'MatchingRules': Unable to get bean for id 'MatchingRules'
 WARN [2017-01-06 14:20:18,933] (ComponentFactory.java:getComponentBean:1154) - Unable to get component for id 'ChannelLayout': Unable to get bean for id 'ChannelLayout'
 WARN [2017-01-06 14:20:18,943] (ComponentFactory.java:getComponentBean:1154) - Unable to get component for id 'SharingRules': Unable to get bean for id 'SharingRules'
 WARN [2017-01-06 14:20:18,954] (ComponentFactory.java:getComponentBean:1154) - Unable to get component for id 'CorsWhitelistOrigin': Unable to get bean for id 'CorsWhitelistOrigin'
 WARN [2017-01-06 14:20:18,964] (ComponentFactory.java:getComponentBean:1154) - Unable to get component for id 'ActionLinkGroupTemplate': Unable to get bean for id 'ActionLinkGroupTemplate'
 WARN [2017-01-06 14:20:18,976] (ComponentFactory.java:getComponentBean:1154) - Unable to get component for id 'SynonymDictionary': Unable to get bean for id 'SynonymDictionary'
 WARN [2017-01-06 14:20:20,250] (ComponentFactory.java:getComponentBean:1154) - Unable to get component for id 'AuraDefinitionBundle': Unable to get bean for id 'AuraDefinitionBundle'
 WARN [2017-01-06 14:20:20,264] (ComponentFactory.java:getComponentBean:1154) - Unable to get component for id 'ExternalDataSource': Unable to get bean for id 'ExternalDataSource'
 WARN [2017-01-06 14:20:20,274] (ComponentFactory.java:getComponentBean:1154) - Unable to get component for id 'NamedCredential': Unable to get bean for id 'NamedCredential'
 WARN [2017-01-06 14:20:20,292] (ComponentFactory.java:getComponentBean:1154) - Unable to get component for id 'MatchingRules': Unable to get bean for id 'MatchingRules'
 WARN [2017-01-06 14:20:20,301] (ComponentFactory.java:getComponentBean:1154) - Unable to get component for id 'ChannelLayout': Unable to get bean for id 'ChannelLayout'
 WARN [2017-01-06 14:20:20,311] (ComponentFactory.java:getComponentBean:1154) - Unable to get component for id 'SharingRules': Unable to get bean for id 'SharingRules'
 WARN [2017-01-06 14:20:20,321] (ComponentFactory.java:getComponentBean:1154) - Unable to get component for id 'CorsWhitelistOrigin': Unable to get bean for id 'CorsWhitelistOrigin'
 WARN [2017-01-06 14:20:20,331] (ComponentFactory.java:getComponentBean:1154) - Unable to get component for id 'ActionLinkGroupTemplate': Unable to get bean for id 'ActionLinkGroupTemplate'
 WARN [2017-01-06 14:20:20,341] (ComponentFactory.java:getComponentBean:1154) - Unable to get component for id 'SynonymDictionary': Unable to get bean for id 'SynonymDictionary'
 WARN [2017-01-06 14:20:42,378] (ComponentFactory.java:getComponentBean:1154) - Unable to get component for id 'ActionLinkGroupTemplate': Unable to get bean for id 'ActionLinkGroupTemplate'
 WARN [2017-01-06 14:20:42,396] (ComponentFactory.java:getComponentBean:1154) - Unable to get component for id 'AuraDefinitionBundle': Unable to get bean for id 'AuraDefinitionBundle'
 WARN [2017-01-06 14:20:42,410] (ComponentFactory.java:getComponentBean:1154) - Unable to get component for id 'BusinessProcess': Unable to get bean for id 'BusinessProcess'
 WARN [2017-01-06 14:20:42,420] (ComponentFactory.java:getComponentBean:1154) - Unable to get component for id 'ChannelLayout': Unable to get bean for id 'ChannelLayout'
 WARN [2017-01-06 14:20:42,431] (ComponentFactory.java:getComponentBean:1154) - Unable to get component for id 'CompactLayout': Unable to get bean for id 'CompactLayout'
 WARN [2017-01-06 14:20:42,443] (ComponentFactory.java:getComponentBean:1154) - Unable to get component for id 'CorsWhitelistOrigin': Unable to get bean for id 'CorsWhitelistOrigin'
 WARN [2017-01-06 14:20:42,454] (ComponentFactory.java:getComponentBean:1154) - Unable to get component for id 'CustomField': Unable to get bean for id 'CustomField'
 WARN [2017-01-06 14:20:42,464] (ComponentFactory.java:getComponentBean:1154) - Unable to get component for id 'CustomLabel': Unable to get bean for id 'CustomLabel'
 WARN [2017-01-06 14:20:43,131] (ComponentFactory.java:getComponentBean:1154) - Unable to get component for id 'AuraDefinitionBundle': Unable to get bean for id 'AuraDefinitionBundle'
 WARN [2017-01-06 14:20:43,140] (ComponentFactory.java:getComponentBean:1154) - Unable to get component for id 'ExternalDataSource': Unable to get bean for id 'ExternalDataSource'
 WARN [2017-01-06 14:20:43,149] (ComponentFactory.java:getComponentBean:1154) - Unable to get component for id 'NamedCredential': Unable to get bean for id 'NamedCredential'
 WARN [2017-01-06 14:20:43,168] (ComponentFactory.java:getComponentBean:1154) - Unable to get component for id 'MatchingRules': Unable to get bean for id 'MatchingRules'
 WARN [2017-01-06 14:20:43,178] (ComponentFactory.java:getComponentBean:1154) - Unable to get component for id 'ChannelLayout': Unable to get bean for id 'ChannelLayout'
 WARN [2017-01-06 14:20:43,187] (ComponentFactory.java:getComponentBean:1154) - Unable to get component for id 'SharingRules': Unable to get bean for id 'SharingRules'
 WARN [2017-01-06 14:20:43,196] (ComponentFactory.java:getComponentBean:1154) - Unable to get component for id 'CorsWhitelistOrigin': Unable to get bean for id 'CorsWhitelistOrigin'
 WARN [2017-01-06 14:20:43,205] (ComponentFactory.java:getComponentBean:1154) - Unable to get component for id 'ActionLinkGroupTemplate': Unable to get bean for id 'ActionLinkGroupTemplate'
 WARN [2017-01-06 14:20:43,215] (ComponentFactory.java:getComponentBean:1154) - Unable to get component for id 'SynonymDictionary': Unable to get bean for id 'SynonymDictionary'
 WARN [2017-01-06 14:20:44,402] (ComponentFactory.java:getComponentBean:1154) - Unable to get component for id 'AuraDefinitionBundle': Unable to get bean for id 'AuraDefinitionBundle'
 WARN [2017-01-06 14:20:44,410] (ComponentFactory.java:getComponentBean:1154) - Unable to get component for id 'ExternalDataSource': Unable to get bean for id 'ExternalDataSource'
 WARN [2017-01-06 14:20:44,419] (ComponentFactory.java:getComponentBean:1154) - Unable to get component for id 'NamedCredential': Unable to get bean for id 'NamedCredential'
 WARN [2017-01-06 14:20:44,437] (ComponentFactory.java:getComponentBean:1154) - Unable to get component for id 'MatchingRules': Unable to get bean for id 'MatchingRules'
 WARN [2017-01-06 14:20:44,445] (ComponentFactory.java:getComponentBean:1154) - Unable to get component for id 'ChannelLayout': Unable to get bean for id 'ChannelLayout'
 WARN [2017-01-06 14:20:44,453] (ComponentFactory.java:getComponentBean:1154) - Unable to get component for id 'SharingRules': Unable to get bean for id 'SharingRules'
 WARN [2017-01-06 14:20:44,464] (ComponentFactory.java:getComponentBean:1154) - Unable to get component for id 'CorsWhitelistOrigin': Unable to get bean for id 'CorsWhitelistOrigin'
 WARN [2017-01-06 14:20:44,472] (ComponentFactory.java:getComponentBean:1154) - Unable to get component for id 'ActionLinkGroupTemplate': Unable to get bean for id 'ActionLinkGroupTemplate'
 WARN [2017-01-06 14:20:44,481] (ComponentFactory.java:getComponentBean:1154) - Unable to get component for id 'SynonymDictionary': Unable to get bean for id 'SynonymDictionary'
 WARN [2017-01-06 14:20:45,674] (ComponentFactory.java:getComponentBean:1154) - Unable to get component for id 'AuraDefinitionBundle': Unable to get bean for id 'AuraDefinitionBundle'
 WARN [2017-01-06 14:20:45,682] (ComponentFactory.java:getComponentBean:1154) - Unable to get component for id 'ExternalDataSource': Unable to get bean for id 'ExternalDataSource'
 WARN [2017-01-06 14:20:45,691] (ComponentFactory.java:getComponentBean:1154) - Unable to get component for id 'NamedCredential': Unable to get bean for id 'NamedCredential'
 WARN [2017-01-06 14:20:45,706] (ComponentFactory.java:getComponentBean:1154) - Unable to get component for id 'MatchingRules': Unable to get bean for id 'MatchingRules'
 WARN [2017-01-06 14:20:45,714] (ComponentFactory.java:getComponentBean:1154) - Unable to get component for id 'ChannelLayout': Unable to get bean for id 'ChannelLayout'
 WARN [2017-01-06 14:20:45,722] (ComponentFactory.java:getComponentBean:1154) - Unable to get component for id 'SharingRules': Unable to get bean for id 'SharingRules'
 WARN [2017-01-06 14:20:45,730] (ComponentFactory.java:getComponentBean:1154) - Unable to get component for id 'CorsWhitelistOrigin': Unable to get bean for id 'CorsWhitelistOrigin'
 WARN [2017-01-06 14:20:45,738] (ComponentFactory.java:getComponentBean:1154) - Unable to get component for id 'ActionLinkGroupTemplate': Unable to get bean for id 'ActionLinkGroupTemplate'
 WARN [2017-01-06 14:20:45,747] (ComponentFactory.java:getComponentBean:1154) - Unable to get component for id 'SynonymDictionary': Unable to get bean for id 'SynonymDictionary'
 WARN [2017-01-06 14:20:46,367] (ComponentFactory.java:getComponentBean:1154) - Unable to get component for id 'ExternalDataSource': Unable to get bean for id 'ExternalDataSource'
 WARN [2017-01-06 14:20:46,376] (ComponentFactory.java:getComponentBean:1154) - Unable to get component for id 'FieldSet': Unable to get bean for id 'FieldSet'
 WARN [2017-01-06 14:20:46,395] (ComponentFactory.java:getComponentBean:1154) - Unable to get component for id 'ListView': Unable to get bean for id 'ListView'
 WARN [2017-01-06 14:20:46,408] (ComponentFactory.java:getComponentBean:1154) - Unable to get component for id 'MatchingRule': Unable to get bean for id 'MatchingRule'
 WARN [2017-01-06 14:20:46,418] (ComponentFactory.java:getComponentBean:1154) - Unable to get component for id 'MatchingRules': Unable to get bean for id 'MatchingRules'
 WARN [2017-01-06 14:20:46,426] (ComponentFactory.java:getComponentBean:1154) - Unable to get component for id 'NamedCredential': Unable to get bean for id 'NamedCredential'
 WARN [2017-01-06 14:20:46,438] (ComponentFactory.java:getComponentBean:1154) - Unable to get component for id 'RecordType': Unable to get bean for id 'RecordType'
 WARN [2017-01-06 14:20:47,121] (ComponentFactory.java:getComponentBean:1154) - Unable to get component for id 'AuraDefinitionBundle': Unable to get bean for id 'AuraDefinitionBundle'
 WARN [2017-01-06 14:20:47,130] (ComponentFactory.java:getComponentBean:1154) - Unable to get component for id 'ExternalDataSource': Unable to get bean for id 'ExternalDataSource'
 WARN [2017-01-06 14:20:47,138] (ComponentFactory.java:getComponentBean:1154) - Unable to get component for id 'NamedCredential': Unable to get bean for id 'NamedCredential'
 WARN [2017-01-06 14:20:47,153] (ComponentFactory.java:getComponentBean:1154) - Unable to get component for id 'MatchingRules': Unable to get bean for id 'MatchingRules'
 WARN [2017-01-06 14:20:47,162] (ComponentFactory.java:getComponentBean:1154) - Unable to get component for id 'ChannelLayout': Unable to get bean for id 'ChannelLayout'
 WARN [2017-01-06 14:20:47,171] (ComponentFactory.java:getComponentBean:1154) - Unable to get component for id 'SharingRules': Unable to get bean for id 'SharingRules'
 WARN [2017-01-06 14:20:47,181] (ComponentFactory.java:getComponentBean:1154) - Unable to get component for id 'CorsWhitelistOrigin': Unable to get bean for id 'CorsWhitelistOrigin'
 WARN [2017-01-06 14:20:47,190] (ComponentFactory.java:getComponentBean:1154) - Unable to get component for id 'ActionLinkGroupTemplate': Unable to get bean for id 'ActionLinkGroupTemplate'
 WARN [2017-01-06 14:20:47,200] (ComponentFactory.java:getComponentBean:1154) - Unable to get component for id 'SynonymDictionary': Unable to get bean for id 'SynonymDictionary'
 WARN [2017-01-06 14:20:47,744] (ComponentFactory.java:getComponentBean:1154) - Unable to get component for id 'SharingCriteriaRule': Unable to get bean for id 'SharingCriteriaRule'
 WARN [2017-01-06 14:20:47,753] (ComponentFactory.java:getComponentBean:1154) - Unable to get component for id 'SharingOwnerRule': Unable to get bean for id 'SharingOwnerRule'
 WARN [2017-01-06 14:20:47,761] (ComponentFactory.java:getComponentBean:1154) - Unable to get component for id 'SharingReason': Unable to get bean for id 'SharingReason'
 WARN [2017-01-06 14:20:47,770] (ComponentFactory.java:getComponentBean:1154) - Unable to get component for id 'SharingRules': Unable to get bean for id 'SharingRules'
 WARN [2017-01-06 14:20:47,781] (ComponentFactory.java:getComponentBean:1154) - Unable to get component for id 'ValidationRule': Unable to get bean for id 'ValidationRule'
 WARN [2017-01-06 14:20:47,789] (ComponentFactory.java:getComponentBean:1154) - Unable to get component for id 'WebLink': Unable to get bean for id 'WebLink'
 WARN [2017-01-06 14:20:47,798] (ComponentFactory.java:getComponentBean:1154) - Unable to get component for id 'WorkflowAlert': Unable to get bean for id 'WorkflowAlert'
 WARN [2017-01-06 14:20:47,807] (ComponentFactory.java:getComponentBean:1154) - Unable to get component for id 'WorkflowFieldUpdate': Unable to get bean for id 'WorkflowFieldUpdate'
 WARN [2017-01-06 14:20:47,815] (ComponentFactory.java:getComponentBean:1154) - Unable to get component for id 'WorkflowKnowledgePublish': Unable to get bean for id 'WorkflowKnowledgePublish'
 WARN [2017-01-06 14:20:47,824] (ComponentFactory.java:getComponentBean:1154) - Unable to get component for id 'WorkflowOutboundMessage': Unable to get bean for id 'WorkflowOutboundMessage'
 WARN [2017-01-06 14:20:47,832] (ComponentFactory.java:getComponentBean:1154) - Unable to get component for id 'WorkflowRule': Unable to get bean for id 'WorkflowRule'
 WARN [2017-01-06 14:20:47,840] (ComponentFactory.java:getComponentBean:1154) - Unable to get component for id 'WorkflowSend': Unable to get bean for id 'WorkflowSend'
 WARN [2017-01-06 14:20:47,849] (ComponentFactory.java:getComponentBean:1154) - Unable to get component for id 'WorkflowTask': Unable to get bean for id 'WorkflowTask'
 WARN [2017-01-06 14:20:47,940] (ComponentFactory.java:getComponentBean:1154) - Unable to get component for id 'ActionLinkGroupTemplate': Unable to get bean for id 'ActionLinkGroupTemplate'
 WARN [2017-01-06 14:20:47,993] (ComponentFactory.java:getComponentBean:1154) - Unable to get component for id 'AuraDefinitionBundle': Unable to get bean for id 'AuraDefinitionBundle'
 WARN [2017-01-06 14:20:48,013] (ComponentFactory.java:getComponentBean:1154) - Unable to get component for id 'ChannelLayout': Unable to get bean for id 'ChannelLayout'
 WARN [2017-01-06 14:20:48,033] (ComponentFactory.java:getComponentBean:1154) - Unable to get component for id 'CorsWhitelistOrigin': Unable to get bean for id 'CorsWhitelistOrigin'
 WARN [2017-01-06 14:20:48,052] (ComponentFactory.java:getComponentBean:1154) - Unable to get component for id 'ExternalDataSource': Unable to get bean for id 'ExternalDataSource'
 WARN [2017-01-06 14:20:48,063] (ComponentFactory.java:getComponentBean:1154) - Unable to get component for id 'MatchingRule': Unable to get bean for id 'MatchingRule'
 WARN [2017-01-06 14:20:48,075] (ComponentFactory.java:getComponentBean:1154) - Unable to get component for id 'MatchingRules': Unable to get bean for id 'MatchingRules'
 WARN [2017-01-06 14:20:48,084] (ComponentFactory.java:getComponentBean:1154) - Unable to get component for id 'NamedCredential': Unable to get bean for id 'NamedCredential'
 WARN [2017-01-06 14:20:48,100] (ComponentFactory.java:getComponentBean:1154) - Unable to get component for id 'SharingCriteriaRule': Unable to get bean for id 'SharingCriteriaRule'
 WARN [2017-01-06 14:20:48,110] (ComponentFactory.java:getComponentBean:1154) - Unable to get component for id 'SharingOwnerRule': Unable to get bean for id 'SharingOwnerRule'
 WARN [2017-01-06 14:20:48,119] (ComponentFactory.java:getComponentBean:1154) - Unable to get component for id 'SharingRules': Unable to get bean for id 'SharingRules'
 WARN [2017-01-06 14:25:36,833] (ComponentFactory.java:getCompositeComponentFromComponent:1102) - Unable to load existing 'classes/MyBook.cls-meta.xml' from project - associated component's file resource is null.  Assuming new.
 WARN [2017-01-06 14:25:37,105] (ComponentController.java:deploy:402) - Remote save aborted - project is not online enabled
 WARN [2017-01-06 14:25:37,475] (DefaultBuilder.java:applyDirtyMarkers:93) - TODO: apply 'Save locally only...' markers on each resource
 WARN [2017-01-06 14:26:27,874] (ComponentFactory.java:getCompositeComponentFromComponent:1102) - Unable to load existing 'pages/Page3.page-meta.xml' from project - associated component's file resource is null.  Assuming new.
 WARN [2017-01-06 14:26:28,216] (ComponentController.java:deploy:402) - Remote save aborted - project is not online enabled
 WARN [2017-01-06 14:26:28,460] (DefaultBuilder.java:applyDirtyMarkers:93) - TODO: apply 'Save locally only...' markers on each resource
 WARN [2017-01-06 14:27:17,930] (DefaultBuilder.java:applyDirtyMarkers:93) - TODO: apply 'Save locally only...' markers on each resource
 WARN [2017-01-06 14:28:37,461] (ComponentFactory.java:getCompositeComponentFromComponent:1102) - Unable to load existing 'triggers/SampleTrigger.trigger-meta.xml' from project - associated component's file resource is null.  Assuming new.
 WARN [2017-01-06 14:28:37,663] (ComponentController.java:deploy:402) - Remote save aborted - project is not online enabled
 WARN [2017-01-06 14:28:37,902] (DefaultBuilder.java:applyDirtyMarkers:93) - TODO: apply 'Save locally only...' markers on each resource
 WARN [2017-01-06 15:03:15,960] (Component.java:getTemplate:631) - Not templates found
 WARN [2017-01-06 15:03:51,554] (ComponentFactory.java:getCompositeComponentFromComponent:1102) - Unable to load existing 'classes/ApexSampleTest.cls-meta.xml' from project - associated component's file resource is null.  Assuming new.
 WARN [2017-01-06 15:03:51,761] (ComponentController.java:deploy:402) - Remote save aborted - project is not online enabled
 WARN [2017-01-06 15:03:52,004] (DefaultBuilder.java:applyDirtyMarkers:93) - TODO: apply 'Save locally only...' markers on each resource
 WARN [2017-01-06 15:20:33,112] (ConnectionFactory.java:clearCache:220) - Clearing the following cached connections
 WARN [2017-01-06 15:20:33,250] (DescribeObjectRegistry.java:clearCache:664) - Clearing cached describes
 WARN [2017-01-06 15:20:33,258] (MetadataFactory.java:clearCache:129) - Clearing the following cached metadata stubs
